<?xml version="1.0" encoding="UTF-8"?>
<!-- Generated by org.testng.reporters.JUnitXMLReporter -->
<testsuite ignored="0" hostname="DESKTOP-3I0B9H7" failures="0" tests="3" name="Submit order test" time="67.492" errors="0" timestamp="2026-04-11T21:37:11 IST">
  <testcase classname="FrameworkTesting.Framework_Tutorial.SubmitOrderPage" name="submotorder" time="15.175"/>
  <testcase classname="FrameworkTesting.Framework_Tutorial.SubmitOrderPage" name="submotorder" time="14.81"/>
  <testcase classname="FrameworkTesting.Framework_Tutorial.SubmitOrderPage" name="orderHistoryTest" time="0.803"/>
</testsuite> <!-- Submit order test -->
