<?xml version="1.0" encoding="UTF-8"?>
<!-- Generated by org.testng.reporters.JUnitXMLReporter -->
<testsuite ignored="0" hostname="DESKTOP-3I0B9H7" failures="1" tests="3" name="test2" time="21.874" errors="0" timestamp="2026-04-11T21:36:26 IST">
  <testcase classname="FrameworkTesting.Framework_Tutorial.ErrorValidation" name="LoginpageError" time="4.803">
    <skipped/>
  </testcase> <!-- LoginpageError -->
  <testcase classname="FrameworkTesting.Framework_Tutorial.ErrorValidation" name="LoginpageError" time="1.326">
    <failure type="java.lang.AssertionError" message="expected [Incorrect email or password.] but found [Incorrect email  password.]">
      <![CDATA[java.lang.AssertionError: expected [Incorrect email or password.] but found [Incorrect email  password.]
at FrameworkTesting.Framework_Tutorial.ErrorValidation.LoginpageError(ErrorValidation.java:37)
at java.base/java.util.ArrayList.forEach(ArrayList.java:1596)
at java.base/java.util.concurrent.FutureTask.run(FutureTask.java:317)
at java.base/java.util.concurrent.ThreadPoolExecutor.runWorker(ThreadPoolExecutor.java:1144)
at java.base/java.util.concurrent.ThreadPoolExecutor$Worker.run(ThreadPoolExecutor.java:642)
at java.base/java.lang.Thread.run(Thread.java:1583)
... Removed 21 stack frames]]>
    </failure>
  </testcase> <!-- LoginpageError -->
  <testcase classname="FrameworkTesting.Framework_Tutorial.ErrorValidation" name="cartErrorValidation" time="7.491"/>
</testsuite> <!-- test2 -->
