<?xml version="1.0" encoding="UTF-8"?>
<!-- Generated by org.testng.reporters.JUnitXMLReporter -->
<testsuite ignored="0" hostname="DESKTOP-3I0B9H7" failures="0" tests="2" name="test2" time="0.057" errors="0" timestamp="2026-04-12T13:31:09 IST">
  <testcase classname="FrameworkTesting.Framework_Tutorial.ErrorValidation" name="LoginpageError" time="0.001">
    <skipped/>
  </testcase> <!-- LoginpageError -->
  <testcase classname="FrameworkTesting.Framework_Tutorial.ErrorValidation" name="cartErrorValidation" time="0.0">
    <skipped/>
  </testcase> <!-- cartErrorValidation -->
</testsuite> <!-- test2 -->
