<?xml version="1.0" encoding="UTF-8"?>
<testng-results ignored="0" total="1" passed="1" failed="0" skipped="0">
  <reporter-output>
  </reporter-output>
  <suite started-at="2026-04-13T16:35:53 IST" name="Default suite" finished-at="2026-04-13T16:36:06 IST" duration-ms="13085">
    <groups>
      <group name="cucumber">
        <method signature="AbstractTestNGCucumberTests.runScenario(io.cucumber.testng.PickleWrapper,io.cucumber.testng.FeatureWrapper)[pri:0, instance:Cucumber.TestNGRunnerTest@bccb269]" name="runScenario" class="io.cucumber.testng.AbstractTestNGCucumberTests"/>
      </group> <!-- cucumber -->
    </groups>
    <test started-at="2026-04-13T16:35:53 IST" name="Default test" finished-at="2026-04-13T16:36:06 IST" duration-ms="13085">
      <class name="Cucumber.TestNGRunnerTest">
        <test-method is-config="true" signature="setUpClass(org.testng.ITestContext)[pri:0, instance:Cucumber.TestNGRunnerTest@bccb269]" started-at="2026-04-13T16:35:53 IST" name="setUpClass" finished-at="2026-04-13T16:35:54 IST" duration-ms="462" status="PASS">
          <params>
            <param index="0">
              <value>
                <![CDATA[org.testng.TestRunner@444f44c5]]>
              </value>
            </param>
          </params>
          <reporter-output>
          </reporter-output>
        </test-method> <!-- setUpClass -->
        <test-method signature="runScenario(io.cucumber.testng.PickleWrapper,io.cucumber.testng.FeatureWrapper)[pri:0, instance:Cucumber.TestNGRunnerTest@bccb269]" started-at="2026-04-13T16:35:54 IST" name="runScenario" description="Runs Cucumber Scenarios" data-provider="scenarios" finished-at="2026-04-13T16:36:06 IST" duration-ms="12549" status="PASS">
          <params>
            <param index="0">
              <value>
                <![CDATA["Positive test of submitting the order."]]>
              </value>
            </param>
            <param index="1">
              <value>
                <![CDATA["Purechase ther order from ecom site"]]>
              </value>
            </param>
          </params>
          <reporter-output>
          </reporter-output>
        </test-method> <!-- runScenario -->
        <test-method is-config="true" signature="tearDownClass()[pri:0, instance:Cucumber.TestNGRunnerTest@bccb269]" started-at="2026-04-13T16:36:06 IST" name="tearDownClass" finished-at="2026-04-13T16:36:06 IST" duration-ms="39" status="PASS">
          <reporter-output>
          </reporter-output>
        </test-method> <!-- tearDownClass -->
      </class> <!-- Cucumber.TestNGRunnerTest -->
    </test> <!-- Default test -->
  </suite> <!-- Default suite -->
</testng-results>
