<?xml version="1.0" encoding="UTF-8"?>
<!-- Generated by org.testng.reporters.JUnitReportReporter -->
<testsuite hostname="DESKTOP-3I0B9H7" failures="0" tests="3" name="FrameworkTesting.Framework_Tutorial.SubmitOrderPage" time="67.199" errors="0" timestamp="2026-04-11T21:37:11 IST" skipped="0">
  <testcase classname="FrameworkTesting.Framework_Tutorial.SubmitOrderPage" name="submotorder" time="47.880"/>
  <testcase classname="FrameworkTesting.Framework_Tutorial.SubmitOrderPage" name="submotorder" time="17.430"/>
  <testcase classname="FrameworkTesting.Framework_Tutorial.SubmitOrderPage" name="orderHistoryTest" time="1.889"/>
</testsuite> <!-- FrameworkTesting.Framework_Tutorial.SubmitOrderPage -->
